<?xml version="1.0" encoding="UTF-8" ?>
<testsuite failures="0" time="12.795" errors="0" skipped="0" tests="7" name="br.unifesp.maritaca.persistence.entitymanager.FormEntityTest">
  <properties>
[...]
</properties>
  <testcase time="3.029" classname="br.unifesp.maritaca.persistence.entitymanager.FormEntityTest" name="testUserEntity"/>
  <testcase time="2.05" classname="br.unifesp.maritaca.persistence.entitymanager.FormEntityTest" name="persistWithUUIDTest"/>
  <testcase time="0.007" classname="br.unifesp.maritaca.persistence.entitymanager.FormEntityTest" name="persistWithoutCreate"/>
  <testcase time="0.953" classname="br.unifesp.maritaca.persistence.entitymanager.FormEntityTest" name="findTest"/>
  <testcase time="1.078" classname="br.unifesp.maritaca.persistence.entitymanager.FormEntityTest" name="persitMaritacaListsWithJSONTest"/>
  <testcase time="1.196" classname="br.unifesp.maritaca.persistence.entitymanager.FormEntityTest" name="findFormByURLTest"/>
  <testcase time="0.97" classname="br.unifesp.maritaca.persistence.entitymanager.FormEntityTest" name="findFormByUserTest"/>
</testsuite>