<?xml version="1.0" encoding="UTF-8" ?>
<testsuite failures="0" time="0.003" errors="1" skipped="0" tests="1" name="br.unifesp.maritaca.persistence.entitymanager.OAuthTokenEntityTest">
  <properties>
[...]
</properties>
  <testcase time="1.052" classname="br.unifesp.maritaca.persistence.entitymanager.OAuthTokenEntityTest" name="br.unifesp.maritaca.persistence.entitymanager.OAuthTokenEntityTest">
    <error message="org.apache.cassandra.config.ConfigurationException: Attempt to assign id to existing column family." type="java.io.IOError">java.io.IOError: org.apache.cassandra.config.ConfigurationException: Attempt to assign id to existing column family.
	at org.apache.cassandra.config.Schema.load(Schema.java:97)
	at me.prettyprint.hector.testutils.EmbeddedSchemaLoader.loadSchema(EmbeddedSchemaLoader.java:37)
	at me.prettyprint.hector.testutils.EmbeddedServerHelper.loadSchemaFromYaml(EmbeddedServerHelper.java:177)
	at me.prettyprint.hector.testutils.EmbeddedServerHelper.setup(EmbeddedServerHelper.java:64)
	at br.unifesp.maritaca.persistence.cassandra.BaseEmbededServerSetupTest.setup(BaseEmbededServerSetupTest.java:37)
	at sun.reflect.NativeMethodAccessorImpl.invoke0(Native Method)
	at sun.reflect.NativeMethodAccessorImpl.invoke(NativeMethodAccessorImpl.java:39)
	at sun.reflect.DelegatingMethodAccessorImpl.invoke(DelegatingMethodAccessorImpl.java:25)
	at java.lang.reflect.Method.invoke(Method.java:597)
	at org.junit.runners.model.FrameworkMethod$1.runReflectiveCall(FrameworkMethod.java:44)
	at org.junit.internal.runners.model.ReflectiveCallable.run(ReflectiveCallable.java:15)
	at org.junit.runners.model.FrameworkMethod.invokeExplosively(FrameworkMethod.java:41)
	at org.junit.internal.runners.statements.RunBefores.evaluate(RunBefores.java:27)
	at org.springframework.test.context.junit4.statements.RunBeforeTestClassCallbacks.evaluate(RunBeforeTestClassCallbacks.java:61)
	at org.junit.internal.runners.statements.RunAfters.evaluate(RunAfters.java:31)
	at org.springframework.test.context.junit4.statements.RunAfterTestClassCallbacks.evaluate(RunAfterTestClassCallbacks.java:71)
	at org.junit.runners.ParentRunner.run(ParentRunner.java:236)
	at org.springframework.test.context.junit4.SpringJUnit4ClassRunner.run(SpringJUnit4ClassRunner.java:174)
	at org.apache.maven.surefire.junit4.JUnit4TestSet.execute(JUnit4TestSet.java:62)
	at org.apache.maven.surefire.suite.AbstractDirectoryTestSuite.executeTestSet(AbstractDirectoryTestSuite.java:140)
	at org.apache.maven.surefire.suite.AbstractDirectoryTestSuite.execute(AbstractDirectoryTestSuite.java:127)
	at org.apache.maven.surefire.Surefire.run(Surefire.java:177)
	at sun.reflect.NativeMethodAccessorImpl.invoke0(Native Method)
	at sun.reflect.NativeMethodAccessorImpl.invoke(NativeMethodAccessorImpl.java:39)
	at sun.reflect.DelegatingMethodAccessorImpl.invoke(DelegatingMethodAccessorImpl.java:25)
	at java.lang.reflect.Method.invoke(Method.java:597)
	at org.apache.maven.surefire.booter.SurefireBooter.runSuitesInProcess(SurefireBooter.java:345)
	at org.apache.maven.surefire.booter.SurefireBooter.main(SurefireBooter.java:1009)
Caused by: org.apache.cassandra.config.ConfigurationException: Attempt to assign id to existing column family.
	at org.apache.cassandra.config.Schema.load(Schema.java:380)
	at org.apache.cassandra.config.Schema.load(Schema.java:93)
	... 27 more
</error>
    <system-out>INFO  [MigrationStage:1]: Applying migration 2d021d90-e49c-11e1-0000-fe8ebeead9da Add column family: org.apache.cassandra.config.CFMetaData@14fa79d[cfId=1043,ksName=Keyspace1,cfName=Form,cfType=Standard,comparator=org.apache.cassandra.db.marshal.UTF8Type,subcolumncomparator=&lt;null&gt;,comment=,rowCacheSize=0.0,keyCacheSize=200000.0,readRepairChance=1.0,replicateOnWrite=true,gcGraceSeconds=864000,defaultValidator=org.apache.cassandra.db.marshal.BytesType,keyValidator=org.apache.cassandra.db.marshal.UUIDType,minCompactionThreshold=4,maxCompactionThreshold=32,rowCacheSavePeriodInSeconds=0,keyCacheSavePeriodInSeconds=14400,rowCacheKeysToSave=0,rowCacheProvider=org.apache.cassandra.cache.ConcurrentLinkedHashCacheProvider@144752d,mergeShardsChance=0.0,keyAlias=&lt;null&gt;,column_metadata={java.nio.HeapByteBuffer[pos=0 lim=6 cap=6]=ColumnDefinition{name=706f6c696379, validator=org.apache.cassandra.db.marshal.UTF8Type, index_type=KEYS, index_name=&apos;Formpolicy&apos;}, java.nio.HeapByteBuffer[pos=0 lim=3 cap=3]=ColumnDefinition{name=75726c, validator=org.apache.cassandra.db.marshal.UTF8Type, index_type=KEYS, index_name=&apos;Formurl&apos;}, java.nio.HeapByteBuffer[pos=0 lim=4 cap=4]=ColumnDefinition{name=75736572, validator=org.apache.cassandra.db.marshal.UTF8Type, index_type=KEYS, index_name=&apos;Formuser&apos;}},compactionStrategyClass=class org.apache.cassandra.db.compaction.SizeTieredCompactionStrategy,compactionStrategyOptions={},compressionOptions={},bloomFilterFpChance=&lt;null&gt;]
INFO  [MigrationStage:1]: Enqueuing flush of Memtable-Migrations@8741959(16149/20186 serialized/live bytes, 1 ops)
INFO  [FlushWriter:1]: Writing Memtable-Migrations@8741959(16149/20186 serialized/live bytes, 1 ops)
INFO  [MigrationStage:1]: Enqueuing flush of Memtable-Schema@24804836(11764/14705 serialized/live bytes, 3 ops)
INFO  [FlushWriter:1]: Completed flushing /tmp/var/lib/cassandra/data/system/Migrations-hd-14-Data.db (16213 bytes)
INFO  [FlushWriter:1]: Writing Memtable-Schema@24804836(11764/14705 serialized/live bytes, 3 ops)
INFO  [FlushWriter:1]: Completed flushing /tmp/var/lib/cassandra/data/system/Schema-hd-14-Data.db (11914 bytes)
INFO  [MigrationStage:1]: Creating new index : ColumnDefinition{name=706f6c696379, validator=org.apache.cassandra.db.marshal.UTF8Type, index_type=KEYS, index_name=&apos;Formpolicy&apos;}
INFO  [MigrationStage:1]: Creating new index : ColumnDefinition{name=75726c, validator=org.apache.cassandra.db.marshal.UTF8Type, index_type=KEYS, index_name=&apos;Formurl&apos;}
INFO  [MigrationStage:1]: Creating new index : ColumnDefinition{name=75736572, validator=org.apache.cassandra.db.marshal.UTF8Type, index_type=KEYS, index_name=&apos;Formuser&apos;}
INFO  [MigrationStage:1]: Applying migration 2d442fa0-e49c-11e1-0000-fe8ebeead9da Drop column family: Keyspace1.Form
INFO  [MigrationStage:1]: Enqueuing flush of Memtable-Migrations@18670253(15113/18891 serialized/live bytes, 1 ops)
INFO  [FlushWriter:1]: Writing Memtable-Migrations@18670253(15113/18891 serialized/live bytes, 1 ops)
INFO  [MigrationStage:1]: Enqueuing flush of Memtable-Schema@23462603(11238/14047 serialized/live bytes, 3 ops)
INFO  [FlushWriter:1]: Completed flushing /tmp/var/lib/cassandra/data/system/Migrations-hd-15-Data.db (15177 bytes)
INFO  [FlushWriter:1]: Writing Memtable-Schema@23462603(11238/14047 serialized/live bytes, 3 ops)
INFO  [FlushWriter:1]: Completed flushing /tmp/var/lib/cassandra/data/system/Schema-hd-15-Data.db (11388 bytes)
INFO  [MigrationStage:1]: Enqueuing flush of Memtable-Form.Formpolicy@8796481(31/38 serialized/live bytes, 1 ops)
INFO  [MigrationStage:1]: Enqueuing flush of Memtable-Form.Formurl@1642236(31/38 serialized/live bytes, 1 ops)
INFO  [MigrationStage:1]: Enqueuing flush of Memtable-Form.Formuser@19332854(31/38 serialized/live bytes, 1 ops)
INFO  [MigrationStage:1]: Enqueuing flush of Memtable-Form@19725666(318/397 serialized/live bytes, 6 ops)
</system-out>
  </testcase>
</testsuite>